<?xml version="1.0" encoding="UTF-8"?>
<!-- Generated by org.testng.reporters.JUnitXMLReporter -->
<testsuite ignored="0" hostname="Havva" failures="1" tests="2" name="Surefire test" time="0.037" errors="0" timestamp="2026-02-16T23:11:00 CET">
  <testcase classname="SampleTest" name="failingTest" time="0.006">
    <failure type="java.lang.AssertionError" message="expected [true] but found [false]">
      <![CDATA[java.lang.AssertionError: expected [true] but found [false]
at SampleTest.failingTest(SampleTest.java:14)
at java.base/java.util.ArrayList.forEach(ArrayList.java:1604)
... Removed 34 stack frames]]>
    </failure>
  </testcase> <!-- failingTest -->
  <testcase classname="SampleTest" name="passingTest" time="0.001"/>
</testsuite> <!-- Surefire test -->
